<?xml version="1.0" encoding="UTF-8"?>
<!-- Generated by org.testng.reporters.JUnitReportReporter -->
<testsuite hostname="Hammad" failures="0" tests="1" name="tests.EmploymentSA102Test" time="25.160" errors="0" timestamp="2025-07-23T00:47:10 PKT" skipped="0">
  <testcase classname="tests.EmploymentSA102Test" name="verifyForgotPasswordEmail" time="25.160"/>
  <system-out/>
</testsuite> <!-- tests.EmploymentSA102Test -->
